  main.cpp
c:\users\gearman\documents\visual studio 2015\projects\mi批量导入材质\mi批量导入材质\main.cpp(19): warning C4005: “MAX_PATH”: 宏重定义
  c:\program files (x86)\windows kits\8.1\include\shared\minwindef.h(60): note: 参见“MAX_PATH”的前一个定义
c:\users\gearman\documents\visual studio 2015\projects\mi批量导入材质\mi批量导入材质\main.cpp(35): warning C4996: 'strcpy': This function or variable may be unsafe. Consider using strcpy_s instead. To disable deprecation, use _CRT_SECURE_NO_WARNINGS. See online help for details.
  c:\program files (x86)\windows kits\10\include\10.0.10240.0\ucrt\string.h(119): note: 参见“strcpy”的声明
c:\users\gearman\documents\visual studio 2015\projects\mi批量导入材质\mi批量导入材质\main.cpp(36): warning C4996: 'strcat': This function or variable may be unsafe. Consider using strcat_s instead. To disable deprecation, use _CRT_SECURE_NO_WARNINGS. See online help for details.
  c:\program files (x86)\windows kits\10\include\10.0.10240.0\ucrt\string.h(90): note: 参见“strcat”的声明
c:\users\gearman\documents\visual studio 2015\projects\mi批量导入材质\mi批量导入材质\main.cpp(48): warning C4996: 'strcpy': This function or variable may be unsafe. Consider using strcpy_s instead. To disable deprecation, use _CRT_SECURE_NO_WARNINGS. See online help for details.
  c:\program files (x86)\windows kits\10\include\10.0.10240.0\ucrt\string.h(119): note: 参见“strcpy”的声明
c:\users\gearman\documents\visual studio 2015\projects\mi批量导入材质\mi批量导入材质\main.cpp(49): warning C4996: 'strcat': This function or variable may be unsafe. Consider using strcat_s instead. To disable deprecation, use _CRT_SECURE_NO_WARNINGS. See online help for details.
  c:\program files (x86)\windows kits\10\include\10.0.10240.0\ucrt\string.h(90): note: 参见“strcat”的声明
c:\users\gearman\documents\visual studio 2015\projects\mi批量导入材质\mi批量导入材质\main.cpp(50): warning C4996: 'strcat': This function or variable may be unsafe. Consider using strcat_s instead. To disable deprecation, use _CRT_SECURE_NO_WARNINGS. See online help for details.
  c:\program files (x86)\windows kits\10\include\10.0.10240.0\ucrt\string.h(90): note: 参见“strcat”的声明
c:\users\gearman\documents\visual studio 2015\projects\mi批量导入材质\mi批量导入材质\main.cpp(66): warning C4244: “参数”: 从“time_t”转换到“unsigned int”，可能丢失数据
c:\users\gearman\documents\visual studio 2015\projects\mi批量导入材质\mi批量导入材质\main.cpp(82): warning C4244: “初始化”: 从“std::streamoff”转换到“long”，可能丢失数据
c:\users\gearman\documents\visual studio 2015\projects\mi批量导入材质\mi批量导入材质\main.cpp(90): warning C4244: “=”: 从“std::streamoff”转换到“int”，可能丢失数据
c:\users\gearman\documents\visual studio 2015\projects\mi批量导入材质\mi批量导入材质\main.cpp(106): warning C4018: “<”: 有符号/无符号不匹配
c:\users\gearman\documents\visual studio 2015\projects\mi批量导入材质\mi批量导入材质\main.cpp(120): warning C4018: “<”: 有符号/无符号不匹配
  mi批量导入材质.vcxproj -> C:\Users\GEARMAN\Documents\Visual Studio 2015\Projects\mi批量导入材质\Debug\mi批量导入材质.exe
  mi批量导入材质.vcxproj -> C:\Users\GEARMAN\Documents\Visual Studio 2015\Projects\mi批量导入材质\Debug\mi批量导入材质.pdb (Full PDB)
